0 info it worked if it ends with ok
1 verbose cli [ '/usr/local/bin/node',
1 verbose cli   '/usr/local/bin/npm',
1 verbose cli   'install',
1 verbose cli   '--save-dev',
1 verbose cli   'gulp-os' ]
2 info using npm@2.14.2
3 info using node@v4.0.0
4 verbose install initial load of /Users/nselvam/Google Drive/HES/Adv_JS_E32/code/assignments/assign_2/shuffling-pines/package.json
5 warn package.json shuffling-pines@1.0.0 No repository field.
6 verbose installManyTop reading scoped package data from /Users/nselvam/Google Drive/HES/Adv_JS_E32/code/assignments/assign_2/shuffling-pines/node_modules/browser-sync/package.json
7 verbose installManyTop reading scoped package data from /Users/nselvam/Google Drive/HES/Adv_JS_E32/code/assignments/assign_2/shuffling-pines/node_modules/gulp/package.json
8 verbose installManyTop reading scoped package data from /Users/nselvam/Google Drive/HES/Adv_JS_E32/code/assignments/assign_2/shuffling-pines/node_modules/gulp-concat/package.json
9 verbose installManyTop reading scoped package data from /Users/nselvam/Google Drive/HES/Adv_JS_E32/code/assignments/assign_2/shuffling-pines/node_modules/gulp-connect/package.json
10 verbose installManyTop reading scoped package data from /Users/nselvam/Google Drive/HES/Adv_JS_E32/code/assignments/assign_2/shuffling-pines/node_modules/gulp-jshint/package.json
11 verbose installManyTop reading scoped package data from /Users/nselvam/Google Drive/HES/Adv_JS_E32/code/assignments/assign_2/shuffling-pines/node_modules/gulp-minify-css/package.json
12 verbose installManyTop reading scoped package data from /Users/nselvam/Google Drive/HES/Adv_JS_E32/code/assignments/assign_2/shuffling-pines/node_modules/gulp-open/package.json
13 verbose installManyTop reading scoped package data from /Users/nselvam/Google Drive/HES/Adv_JS_E32/code/assignments/assign_2/shuffling-pines/node_modules/gulp-uglify/package.json
14 verbose installManyTop reading scoped package data from /Users/nselvam/Google Drive/HES/Adv_JS_E32/code/assignments/assign_2/shuffling-pines/node_modules/jasmine-core/package.json
15 verbose installManyTop reading scoped package data from /Users/nselvam/Google Drive/HES/Adv_JS_E32/code/assignments/assign_2/shuffling-pines/node_modules/jshint-stylish/package.json
16 verbose installManyTop reading scoped package data from /Users/nselvam/Google Drive/HES/Adv_JS_E32/code/assignments/assign_2/shuffling-pines/node_modules/karma/package.json
17 verbose installManyTop reading scoped package data from /Users/nselvam/Google Drive/HES/Adv_JS_E32/code/assignments/assign_2/shuffling-pines/node_modules/karma-jasmine/package.json
18 verbose installManyTop reading scoped package data from /Users/nselvam/Google Drive/HES/Adv_JS_E32/code/assignments/assign_2/shuffling-pines/node_modules/karma-phantomjs-launcher/package.json
19 verbose installManyTop reading scoped package data from /Users/nselvam/Google Drive/HES/Adv_JS_E32/code/assignments/assign_2/shuffling-pines/node_modules/phantomjs/package.json
20 verbose readDependencies loading dependencies from /Users/nselvam/Google Drive/HES/Adv_JS_E32/code/assignments/assign_2/shuffling-pines/package.json
21 silly cache add args [ 'gulp-os', null ]
22 verbose cache add spec gulp-os
23 silly cache add parsed spec Result {
23 silly cache add   raw: 'gulp-os',
23 silly cache add   scope: null,
23 silly cache add   name: 'gulp-os',
23 silly cache add   rawSpec: '',
23 silly cache add   spec: '*',
23 silly cache add   type: 'range' }
24 silly addNamed gulp-os@*
25 verbose addNamed "*" is a valid semver range for gulp-os
26 silly addNameRange { name: 'gulp-os', range: '*', hasData: false }
27 silly mapToRegistry name gulp-os
28 silly mapToRegistry using default registry
29 silly mapToRegistry registry https://registry.npmjs.org/
30 silly mapToRegistry uri https://registry.npmjs.org/gulp-os
31 verbose addNameRange registry:https://registry.npmjs.org/gulp-os not in flight; fetching
32 verbose request uri https://registry.npmjs.org/gulp-os
33 verbose request no auth needed
34 info attempt registry request try #1 at 7:44:16 PM
35 verbose request id ed047cd70ed8f1d2
36 http request GET https://registry.npmjs.org/gulp-os
37 http 404 https://registry.npmjs.org/gulp-os
38 verbose headers { 'content-type': 'application/json',
38 verbose headers   'cache-control': 'max-age=0',
38 verbose headers   'content-length': '2',
38 verbose headers   'accept-ranges': 'bytes',
38 verbose headers   date: 'Sun, 25 Oct 2015 23:44:12 GMT',
38 verbose headers   via: '1.1 varnish',
38 verbose headers   age: '0',
38 verbose headers   connection: 'keep-alive',
38 verbose headers   'x-served-by': 'cache-atl6223-ATL',
38 verbose headers   'x-cache': 'MISS',
38 verbose headers   'x-cache-hits': '0',
38 verbose headers   'x-timer': 'S1445816652.712651,VS0,VE94' }
39 silly get cb [ 404,
39 silly get   { 'content-type': 'application/json',
39 silly get     'cache-control': 'max-age=0',
39 silly get     'content-length': '2',
39 silly get     'accept-ranges': 'bytes',
39 silly get     date: 'Sun, 25 Oct 2015 23:44:12 GMT',
39 silly get     via: '1.1 varnish',
39 silly get     age: '0',
39 silly get     connection: 'keep-alive',
39 silly get     'x-served-by': 'cache-atl6223-ATL',
39 silly get     'x-cache': 'MISS',
39 silly get     'x-cache-hits': '0',
39 silly get     'x-timer': 'S1445816652.712651,VS0,VE94' } ]
40 verbose stack Error: Registry returned 404 for GET on https://registry.npmjs.org/gulp-os
40 verbose stack     at makeError (/usr/local/lib/node_modules/npm/node_modules/npm-registry-client/lib/request.js:263:12)
40 verbose stack     at CachingRegistryClient.<anonymous> (/usr/local/lib/node_modules/npm/node_modules/npm-registry-client/lib/request.js:241:14)
40 verbose stack     at Request._callback (/usr/local/lib/node_modules/npm/node_modules/npm-registry-client/lib/request.js:171:14)
40 verbose stack     at Request.self.callback (/usr/local/lib/node_modules/npm/node_modules/request/request.js:198:22)
40 verbose stack     at emitTwo (events.js:87:13)
40 verbose stack     at Request.emit (events.js:172:7)
40 verbose stack     at Request.<anonymous> (/usr/local/lib/node_modules/npm/node_modules/request/request.js:1073:14)
40 verbose stack     at emitOne (events.js:82:20)
40 verbose stack     at Request.emit (events.js:169:7)
40 verbose stack     at IncomingMessage.<anonymous> (/usr/local/lib/node_modules/npm/node_modules/request/request.js:1019:12)
41 verbose statusCode 404
42 verbose pkgid gulp-os
43 verbose cwd /Users/nselvam/Google Drive/HES/Adv_JS_E32/code/assignments/assign_2/shuffling-pines
44 error Darwin 14.5.0
45 error argv "/usr/local/bin/node" "/usr/local/bin/npm" "install" "--save-dev" "gulp-os"
46 error node v4.0.0
47 error npm  v2.14.2
48 error code E404
49 error 404 Registry returned 404 for GET on https://registry.npmjs.org/gulp-os
49 error 404
49 error 404 'gulp-os' is not in the npm registry.
49 error 404 You should bug the author to publish it (or use the name yourself!)
49 error 404 It was specified as a dependency of 'shuffling-pines'
49 error 404
49 error 404 Note that you can also install from a
49 error 404 tarball, folder, http url, or git url.
50 verbose exit [ 1, true ]
